<?xml version="1.0" encoding="UTF-8"?>
<testng-results ignored="0" total="2" passed="2" failed="0" skipped="0">
  <reporter-output>
  </reporter-output>
  <suite started-at="2022-10-26T15:08:09 KST" name="Suite" finished-at="2022-10-26T15:09:18 KST" duration-ms="69429">
    <groups>
    </groups>
    <test started-at="2022-10-26T15:08:09 KST" name="Device1" finished-at="2022-10-26T15:09:16 KST" duration-ms="67328">
      <class name="appiumset._0_Automation_Main">
        <test-method is-config="true" signature="Deviceinfo(java.lang.String,java.lang.String,java.lang.String,java.lang.String,java.lang.String,java.lang.String,java.lang.String)[pri:0, instance:appiumset._0_Automation_Main@550dbc7a]" started-at="2022-10-26T15:08:09 KST" name="Deviceinfo" finished-at="2022-10-26T15:08:18 KST" duration-ms="9290" status="PASS">
          <params>
            <param index="0">
              <value>
                <![CDATA[R3CN90RNF8M]]>
              </value>
            </param>
            <param index="1">
              <value>
                <![CDATA[com.hanwha.lifeplus.tribes.app.qa]]>
              </value>
            </param>
            <param index="2">
              <value>
                <![CDATA[com.hanwha.lifeplus.presentation.ui.HomeActivity]]>
              </value>
            </param>
            <param index="3">
              <value>
                <![CDATA[12]]>
              </value>
            </param>
            <param index="4">
              <value>
                <![CDATA[http://0.0.0.0:4823/wd/hub]]>
              </value>
            </param>
            <param index="5">
              <value>
                <![CDATA[8208]]>
              </value>
            </param>
            <param index="6">
              <value>
                <![CDATA[Android]]>
              </value>
            </param>
          </params>
          <reporter-output>
          </reporter-output>
        </test-method> <!-- Deviceinfo -->
        <test-method signature="main()[pri:0, instance:appiumset._0_Automation_Main@550dbc7a]" started-at="2022-10-26T15:08:18 KST" name="main" finished-at="2022-10-26T15:09:16 KST" duration-ms="57999" status="PASS">
          <reporter-output>
          </reporter-output>
        </test-method> <!-- main -->
      </class> <!-- appiumset._0_Automation_Main -->
    </test> <!-- Device1 -->
    <test started-at="2022-10-26T15:08:09 KST" name="Device2" finished-at="2022-10-26T15:09:18 KST" duration-ms="69429">
      <class name="appiumset._0_Automation_Main">
        <test-method is-config="true" signature="Deviceinfo(java.lang.String,java.lang.String,java.lang.String,java.lang.String,java.lang.String,java.lang.String,java.lang.String)[pri:0, instance:appiumset._0_Automation_Main@6892b3b6]" started-at="2022-10-26T15:08:09 KST" name="Deviceinfo" finished-at="2022-10-26T15:08:20 KST" duration-ms="10950" status="PASS">
          <params>
            <param index="0">
              <value>
                <![CDATA[R39M20CG24R]]>
              </value>
            </param>
            <param index="1">
              <value>
                <![CDATA[com.hanwha.lifeplus.tribes.app.qa]]>
              </value>
            </param>
            <param index="2">
              <value>
                <![CDATA[com.hanwha.lifeplus.presentation.ui.HomeActivity]]>
              </value>
            </param>
            <param index="3">
              <value>
                <![CDATA[11]]>
              </value>
            </param>
            <param index="4">
              <value>
                <![CDATA[http://0.0.0.0:4824/wd/hub]]>
              </value>
            </param>
            <param index="5">
              <value>
                <![CDATA[8209]]>
              </value>
            </param>
            <param index="6">
              <value>
                <![CDATA[Android]]>
              </value>
            </param>
          </params>
          <reporter-output>
          </reporter-output>
        </test-method> <!-- Deviceinfo -->
        <test-method signature="main()[pri:0, instance:appiumset._0_Automation_Main@6892b3b6]" started-at="2022-10-26T15:08:20 KST" name="main" finished-at="2022-10-26T15:09:18 KST" duration-ms="58446" status="PASS">
          <reporter-output>
          </reporter-output>
        </test-method> <!-- main -->
      </class> <!-- appiumset._0_Automation_Main -->
    </test> <!-- Device2 -->
  </suite> <!-- Suite -->
</testng-results>
