<?xml version="1.0" encoding="UTF-8"?>
<testng-results ignored="0" total="2" passed="2" failed="0" skipped="0">
  <reporter-output>
  </reporter-output>
  <suite started-at="2022-10-26T14:53:16 KST" name="Suite" finished-at="2022-10-26T14:55:03 KST" duration-ms="106517">
    <groups>
    </groups>
    <test started-at="2022-10-26T14:53:16 KST" name="Device1" finished-at="2022-10-26T14:54:19 KST" duration-ms="62607">
      <class name="appiumset._0_Automation_Main">
        <test-method is-config="true" signature="Deviceinfo(java.lang.String,java.lang.String,java.lang.String,java.lang.String,java.lang.String,java.lang.String,java.lang.String)[pri:0, instance:appiumset._0_Automation_Main@485966cc]" started-at="2022-10-26T14:53:16 KST" name="Deviceinfo" finished-at="2022-10-26T14:53:23 KST" duration-ms="7272" status="PASS">
          <params>
            <param index="0">
              <value>
                <![CDATA[R3CRB0JNBQA]]>
              </value>
            </param>
            <param index="1">
              <value>
                <![CDATA[com.hanwha.lifeplus.tribes.app.qa]]>
              </value>
            </param>
            <param index="2">
              <value>
                <![CDATA[com.hanwha.lifeplus.presentation.ui.HomeActivity]]>
              </value>
            </param>
            <param index="3">
              <value>
                <![CDATA[12]]>
              </value>
            </param>
            <param index="4">
              <value>
                <![CDATA[http://0.0.0.0:4720/wd/hub]]>
              </value>
            </param>
            <param index="5">
              <value>
                <![CDATA[8208]]>
              </value>
            </param>
            <param index="6">
              <value>
                <![CDATA[Android]]>
              </value>
            </param>
          </params>
          <reporter-output>
          </reporter-output>
        </test-method> <!-- Deviceinfo -->
        <test-method signature="main()[pri:0, instance:appiumset._0_Automation_Main@485966cc]" started-at="2022-10-26T14:53:23 KST" name="main" finished-at="2022-10-26T14:54:19 KST" duration-ms="55305" status="PASS">
          <reporter-output>
          </reporter-output>
        </test-method> <!-- main -->
      </class> <!-- appiumset._0_Automation_Main -->
    </test> <!-- Device1 -->
    <test started-at="2022-10-26T14:53:16 KST" name="Device2" finished-at="2022-10-26T14:55:03 KST" duration-ms="106517">
      <class name="appiumset._0_Automation_Main">
        <test-method is-config="true" signature="Deviceinfo(java.lang.String,java.lang.String,java.lang.String,java.lang.String,java.lang.String,java.lang.String,java.lang.String)[pri:0, instance:appiumset._0_Automation_Main@20140db9]" started-at="2022-10-26T14:53:16 KST" name="Deviceinfo" finished-at="2022-10-26T14:53:30 KST" duration-ms="13720" status="PASS">
          <params>
            <param index="0">
              <value>
                <![CDATA[ce0617163a36ce2401]]>
              </value>
            </param>
            <param index="1">
              <value>
                <![CDATA[com.hanwha.lifeplus.tribes.app.qa]]>
              </value>
            </param>
            <param index="2">
              <value>
                <![CDATA[com.hanwha.lifeplus.presentation.ui.HomeActivity]]>
              </value>
            </param>
            <param index="3">
              <value>
                <![CDATA[9]]>
              </value>
            </param>
            <param index="4">
              <value>
                <![CDATA[http://0.0.0.0:4721/wd/hub]]>
              </value>
            </param>
            <param index="5">
              <value>
                <![CDATA[8209]]>
              </value>
            </param>
            <param index="6">
              <value>
                <![CDATA[Android]]>
              </value>
            </param>
          </params>
          <reporter-output>
          </reporter-output>
        </test-method> <!-- Deviceinfo -->
        <test-method signature="main()[pri:0, instance:appiumset._0_Automation_Main@20140db9]" started-at="2022-10-26T14:53:30 KST" name="main" finished-at="2022-10-26T14:55:03 KST" duration-ms="92769" status="PASS">
          <reporter-output>
          </reporter-output>
        </test-method> <!-- main -->
      </class> <!-- appiumset._0_Automation_Main -->
    </test> <!-- Device2 -->
  </suite> <!-- Suite -->
</testng-results>
