<?xml version="1.0" encoding="UTF-8"?>
<testng-results ignored="0" total="2" passed="2" failed="0" skipped="0">
  <reporter-output>
  </reporter-output>
  <suite started-at="2022-10-27T09:43:42 KST" name="Suite" finished-at="2022-10-27T09:44:58 KST" duration-ms="75914">
    <groups>
    </groups>
    <test started-at="2022-10-27T09:43:42 KST" name="Device1" finished-at="2022-10-27T09:44:54 KST" duration-ms="71357">
      <class name="appiumset._0_Automation_Main">
        <test-method is-config="true" signature="Deviceinfo(java.lang.String,java.lang.String,java.lang.String,java.lang.String,java.lang.String,java.lang.String,java.lang.String)[pri:0, instance:appiumset._0_Automation_Main@21282ed8]" started-at="2022-10-27T09:43:42 KST" name="Deviceinfo" finished-at="2022-10-27T09:43:50 KST" duration-ms="7713" status="PASS">
          <params>
            <param index="0">
              <value>
                <![CDATA[R3CN90RNF8M]]>
              </value>
            </param>
            <param index="1">
              <value>
                <![CDATA[com.hanwha.lifeplus.tribes.app.qa]]>
              </value>
            </param>
            <param index="2">
              <value>
                <![CDATA[com.hanwha.lifeplus.presentation.ui.HomeActivity]]>
              </value>
            </param>
            <param index="3">
              <value>
                <![CDATA[12]]>
              </value>
            </param>
            <param index="4">
              <value>
                <![CDATA[http://0.0.0.0:4823/wd/hub]]>
              </value>
            </param>
            <param index="5">
              <value>
                <![CDATA[8208]]>
              </value>
            </param>
            <param index="6">
              <value>
                <![CDATA[Android]]>
              </value>
            </param>
          </params>
          <reporter-output>
          </reporter-output>
        </test-method> <!-- Deviceinfo -->
        <test-method signature="main()[pri:0, instance:appiumset._0_Automation_Main@21282ed8]" started-at="2022-10-27T09:43:50 KST" name="main" finished-at="2022-10-27T09:44:54 KST" duration-ms="63606" status="PASS">
          <reporter-output>
          </reporter-output>
        </test-method> <!-- main -->
      </class> <!-- appiumset._0_Automation_Main -->
    </test> <!-- Device1 -->
    <test started-at="2022-10-27T09:43:42 KST" name="Device2" finished-at="2022-10-27T09:44:58 KST" duration-ms="75913">
      <class name="appiumset._0_Automation_Main">
        <test-method is-config="true" signature="Deviceinfo(java.lang.String,java.lang.String,java.lang.String,java.lang.String,java.lang.String,java.lang.String,java.lang.String)[pri:0, instance:appiumset._0_Automation_Main@6e6f2380]" started-at="2022-10-27T09:43:42 KST" name="Deviceinfo" finished-at="2022-10-27T09:43:52 KST" duration-ms="9222" status="PASS">
          <params>
            <param index="0">
              <value>
                <![CDATA[R39M20CG24R]]>
              </value>
            </param>
            <param index="1">
              <value>
                <![CDATA[com.hanwha.lifeplus.tribes.app.qa]]>
              </value>
            </param>
            <param index="2">
              <value>
                <![CDATA[com.hanwha.lifeplus.presentation.ui.HomeActivity]]>
              </value>
            </param>
            <param index="3">
              <value>
                <![CDATA[11]]>
              </value>
            </param>
            <param index="4">
              <value>
                <![CDATA[http://0.0.0.0:4824/wd/hub]]>
              </value>
            </param>
            <param index="5">
              <value>
                <![CDATA[8209]]>
              </value>
            </param>
            <param index="6">
              <value>
                <![CDATA[Android]]>
              </value>
            </param>
          </params>
          <reporter-output>
          </reporter-output>
        </test-method> <!-- Deviceinfo -->
        <test-method signature="main()[pri:0, instance:appiumset._0_Automation_Main@6e6f2380]" started-at="2022-10-27T09:43:52 KST" name="main" finished-at="2022-10-27T09:44:58 KST" duration-ms="66660" status="PASS">
          <reporter-output>
          </reporter-output>
        </test-method> <!-- main -->
      </class> <!-- appiumset._0_Automation_Main -->
    </test> <!-- Device2 -->
  </suite> <!-- Suite -->
</testng-results>
